{"/home/luis/auth-system/src/app.js": {"path":"/home/luis/auth-system/src/app.js","statementMap":{"0":{"start":{"line":1,"column":16},"end":{"line":1,"column":34}},"1":{"start":{"line":2,"column":13},"end":{"line":2,"column":28}},"2":{"start":{"line":3,"column":15},"end":{"line":3,"column":32}},"3":{"start":{"line":4,"column":18},"end":{"line":4,"column":47}},"4":{"start":{"line":5,"column":18},"end":{"line":5,"column":47}},"5":{"start":{"line":6,"column":0},"end":{"line":6,"column":27}},"6":{"start":{"line":7,"column":15},"end":{"line":7,"column":32}},"7":{"start":{"line":10,"column":24},"end":{"line":10,"column":52}},"8":{"start":{"line":13,"column":19},"end":{"line":13,"column":52}},"9":{"start":{"line":14,"column":19},"end":{"line":14,"column":52}},"10":{"start":{"line":17,"column":21},"end":{"line":17,"column":64}},"11":{"start":{"line":19,"column":12},"end":{"line":19,"column":21}},"12":{"start":{"line":21,"column":0},"end":{"line":21,"column":26}},"13":{"start":{"line":24,"column":0},"end":{"line":24,"column":23}},"14":{"start":{"line":25,"column":0},"end":{"line":25,"column":18}},"15":{"start":{"line":26,"column":0},"end":{"line":26,"column":16}},"16":{"start":{"line":27,"column":0},"end":{"line":27,"column":24}},"17":{"start":{"line":31,"column":25},"end":{"line":33,"column":1}},"18":{"start":{"line":35,"column":0},"end":{"line":39,"column":2}},"19":{"start":{"line":43,"column":20},"end":{"line":49,"column":2}},"20":{"start":{"line":53,"column":0},"end":{"line":60,"column":3}},"21":{"start":{"line":54,"column":2},"end":{"line":59,"column":5}},"22":{"start":{"line":64,"column":0},"end":{"line":68,"column":3}},"23":{"start":{"line":65,"column":2},"end":{"line":67,"column":5}},"24":{"start":{"line":72,"column":0},"end":{"line":72,"column":34}},"25":{"start":{"line":73,"column":0},"end":{"line":73,"column":43}},"26":{"start":{"line":77,"column":0},"end":{"line":77,"column":33}},"27":{"start":{"line":78,"column":0},"end":{"line":78,"column":33}},"28":{"start":{"line":82,"column":0},"end":{"line":82,"column":22}},"29":{"start":{"line":84,"column":0},"end":{"line":84,"column":21}}},"fnMap":{"0":{"name":"(anonymous_0)","decl":{"start":{"line":53,"column":19},"end":{"line":53,"column":20}},"loc":{"start":{"line":53,"column":33},"end":{"line":60,"column":1}},"line":53},"1":{"name":"(anonymous_1)","decl":{"start":{"line":64,"column":13},"end":{"line":64,"column":14}},"loc":{"start":{"line":64,"column":27},"end":{"line":68,"column":1}},"line":64}},"branchMap":{},"s":{"0":1,"1":1,"2":1,"3":1,"4":1,"5":1,"6":1,"7":1,"8":1,"9":1,"10":1,"11":1,"12":1,"13":1,"14":1,"15":1,"16":1,"17":1,"18":1,"19":1,"20":1,"21":1,"22":1,"23":0,"24":1,"25":1,"26":1,"27":1,"28":1,"29":1},"f":{"0":1,"1":0},"b":{},"_coverageSchema":"1a1c01bbd47fc00a2c39e90264f33305004495a9","hash":"b9e558cdcd1f00529df5d8c466a7e5818e4506f4"}
,"/home/luis/auth-system/src/controllers/authController.js": {"path":"/home/luis/auth-system/src/controllers/authController.js","statementMap":{"0":{"start":{"line":1,"column":15},"end":{"line":1,"column":32}},"1":{"start":{"line":2,"column":12},"end":{"line":2,"column":35}},"2":{"start":{"line":3,"column":15},"end":{"line":3,"column":32}},"3":{"start":{"line":5,"column":15},"end":{"line":5,"column":41}},"4":{"start":{"line":6,"column":54},"end":{"line":6,"column":77}},"5":{"start":{"line":7,"column":27},"end":{"line":7,"column":52}},"6":{"start":{"line":9,"column":20},"end":{"line":9,"column":54}},"7":{"start":{"line":10,"column":40},"end":{"line":10,"column":78}},"8":{"start":{"line":12,"column":22},"end":{"line":12,"column":58}},"9":{"start":{"line":16,"column":17},"end":{"line":28,"column":1}},"10":{"start":{"line":17,"column":4},"end":{"line":27,"column":5}},"11":{"start":{"line":18,"column":8},"end":{"line":18,"column":39}},"12":{"start":{"line":20,"column":36},"end":{"line":20,"column":44}},"13":{"start":{"line":21,"column":8},"end":{"line":21,"column":56}},"14":{"start":{"line":23,"column":8},"end":{"line":23,"column":71}},"15":{"start":{"line":26,"column":8},"end":{"line":26,"column":20}},"16":{"start":{"line":32,"column":14},"end":{"line":44,"column":1}},"17":{"start":{"line":33,"column":4},"end":{"line":43,"column":5}},"18":{"start":{"line":34,"column":8},"end":{"line":34,"column":36}},"19":{"start":{"line":36,"column":36},"end":{"line":36,"column":44}},"20":{"start":{"line":37,"column":23},"end":{"line":37,"column":67}},"21":{"start":{"line":39,"column":8},"end":{"line":39,"column":25}},"22":{"start":{"line":42,"column":8},"end":{"line":42,"column":20}},"23":{"start":{"line":48,"column":16},"end":{"line":82,"column":1}},"24":{"start":{"line":49,"column":29},"end":{"line":49,"column":37}},"25":{"start":{"line":51,"column":4},"end":{"line":53,"column":5}},"26":{"start":{"line":52,"column":8},"end":{"line":52,"column":75}},"27":{"start":{"line":55,"column":4},"end":{"line":81,"column":5}},"28":{"start":{"line":56,"column":24},"end":{"line":56,"column":80}},"29":{"start":{"line":58,"column":21},"end":{"line":60,"column":10}},"30":{"start":{"line":62,"column":8},"end":{"line":64,"column":9}},"31":{"start":{"line":63,"column":12},"end":{"line":63,"column":104}},"32":{"start":{"line":66,"column":31},"end":{"line":66,"column":56}},"33":{"start":{"line":67,"column":32},"end":{"line":67,"column":58}},"34":{"start":{"line":69,"column":8},"end":{"line":72,"column":11}},"35":{"start":{"line":74,"column":8},"end":{"line":77,"column":11}},"36":{"start":{"line":80,"column":8},"end":{"line":80,"column":85}},"37":{"start":{"line":86,"column":15},"end":{"line":106,"column":1}},"38":{"start":{"line":87,"column":29},"end":{"line":87,"column":37}},"39":{"start":{"line":89,"column":4},"end":{"line":91,"column":5}},"40":{"start":{"line":90,"column":8},"end":{"line":90,"column":75}},"41":{"start":{"line":93,"column":4},"end":{"line":105,"column":5}},"42":{"start":{"line":94,"column":24},"end":{"line":94,"column":80}},"43":{"start":{"line":96,"column":8},"end":{"line":99,"column":11}},"44":{"start":{"line":101,"column":8},"end":{"line":101,"column":57}},"45":{"start":{"line":104,"column":8},"end":{"line":104,"column":59}},"46":{"start":{"line":110,"column":23},"end":{"line":152,"column":1}},"47":{"start":{"line":111,"column":22},"end":{"line":111,"column":30}},"48":{"start":{"line":113,"column":4},"end":{"line":151,"column":5}},"49":{"start":{"line":114,"column":21},"end":{"line":116,"column":10}},"50":{"start":{"line":118,"column":8},"end":{"line":120,"column":9}},"51":{"start":{"line":119,"column":12},"end":{"line":119,"column":71}},"52":{"start":{"line":122,"column":27},"end":{"line":122,"column":47}},"53":{"start":{"line":124,"column":28},"end":{"line":127,"column":26}},"54":{"start":{"line":129,"column":8},"end":{"line":135,"column":11}},"55":{"start":{"line":137,"column":26},"end":{"line":137,"column":78}},"56":{"start":{"line":139,"column":8},"end":{"line":143,"column":10}},"57":{"start":{"line":145,"column":8},"end":{"line":147,"column":11}},"58":{"start":{"line":150,"column":8},"end":{"line":150,"column":55}},"59":{"start":{"line":156,"column":22},"end":{"line":195,"column":1}},"60":{"start":{"line":157,"column":35},"end":{"line":157,"column":43}},"61":{"start":{"line":159,"column":4},"end":{"line":194,"column":5}},"62":{"start":{"line":160,"column":28},"end":{"line":163,"column":26}},"63":{"start":{"line":165,"column":21},"end":{"line":172,"column":10}},"64":{"start":{"line":174,"column":8},"end":{"line":176,"column":9}},"65":{"start":{"line":175,"column":12},"end":{"line":175,"column":81}},"66":{"start":{"line":178,"column":31},"end":{"line":178,"column":65}},"67":{"start":{"line":180,"column":8},"end":{"line":188,"column":11}},"68":{"start":{"line":190,"column":8},"end":{"line":190,"column":59}},"69":{"start":{"line":193,"column":8},"end":{"line":193,"column":55}},"70":{"start":{"line":198,"column":0},"end":{"line":205,"column":2}}},"fnMap":{"0":{"name":"(anonymous_0)","decl":{"start":{"line":16,"column":17},"end":{"line":16,"column":18}},"loc":{"start":{"line":16,"column":43},"end":{"line":28,"column":1}},"line":16},"1":{"name":"(anonymous_1)","decl":{"start":{"line":32,"column":14},"end":{"line":32,"column":15}},"loc":{"start":{"line":32,"column":40},"end":{"line":44,"column":1}},"line":32},"2":{"name":"(anonymous_2)","decl":{"start":{"line":48,"column":16},"end":{"line":48,"column":17}},"loc":{"start":{"line":48,"column":36},"end":{"line":82,"column":1}},"line":48},"3":{"name":"(anonymous_3)","decl":{"start":{"line":86,"column":15},"end":{"line":86,"column":16}},"loc":{"start":{"line":86,"column":35},"end":{"line":106,"column":1}},"line":86},"4":{"name":"(anonymous_4)","decl":{"start":{"line":110,"column":23},"end":{"line":110,"column":24}},"loc":{"start":{"line":110,"column":43},"end":{"line":152,"column":1}},"line":110},"5":{"name":"(anonymous_5)","decl":{"start":{"line":156,"column":22},"end":{"line":156,"column":23}},"loc":{"start":{"line":156,"column":42},"end":{"line":195,"column":1}},"line":156}},"branchMap":{"0":{"loc":{"start":{"line":51,"column":4},"end":{"line":53,"column":5}},"type":"if","locations":[{"start":{"line":51,"column":4},"end":{"line":53,"column":5}},{"start":{},"end":{}}],"line":51},"1":{"loc":{"start":{"line":62,"column":8},"end":{"line":64,"column":9}},"type":"if","locations":[{"start":{"line":62,"column":8},"end":{"line":64,"column":9}},{"start":{},"end":{}}],"line":62},"2":{"loc":{"start":{"line":62,"column":12},"end":{"line":62,"column":55}},"type":"binary-expr","locations":[{"start":{"line":62,"column":12},"end":{"line":62,"column":17}},{"start":{"line":62,"column":21},"end":{"line":62,"column":55}}],"line":62},"3":{"loc":{"start":{"line":89,"column":4},"end":{"line":91,"column":5}},"type":"if","locations":[{"start":{"line":89,"column":4},"end":{"line":91,"column":5}},{"start":{},"end":{}}],"line":89},"4":{"loc":{"start":{"line":118,"column":8},"end":{"line":120,"column":9}},"type":"if","locations":[{"start":{"line":118,"column":8},"end":{"line":120,"column":9}},{"start":{},"end":{}}],"line":118},"5":{"loc":{"start":{"line":174,"column":8},"end":{"line":176,"column":9}},"type":"if","locations":[{"start":{"line":174,"column":8},"end":{"line":176,"column":9}},{"start":{},"end":{}}],"line":174}},"s":{"0":1,"1":1,"2":1,"3":1,"4":1,"5":1,"6":1,"7":1,"8":1,"9":1,"10":0,"11":0,"12":0,"13":0,"14":0,"15":0,"16":1,"17":0,"18":0,"19":0,"20":0,"21":0,"22":0,"23":1,"24":0,"25":0,"26":0,"27":0,"28":0,"29":0,"30":0,"31":0,"32":0,"33":0,"34":0,"35":0,"36":0,"37":1,"38":0,"39":0,"40":0,"41":0,"42":0,"43":0,"44":0,"45":0,"46":1,"47":0,"48":0,"49":0,"50":0,"51":0,"52":0,"53":0,"54":0,"55":0,"56":0,"57":0,"58":0,"59":1,"60":0,"61":0,"62":0,"63":0,"64":0,"65":0,"66":0,"67":0,"68":0,"69":0,"70":1},"f":{"0":0,"1":0,"2":0,"3":0,"4":0,"5":0},"b":{"0":[0,0],"1":[0,0],"2":[0,0],"3":[0,0],"4":[0,0],"5":[0,0]},"_coverageSchema":"1a1c01bbd47fc00a2c39e90264f33305004495a9","hash":"b5b2749f555f025b66a4a1fe8ab3f60fd11bea19"}
,"/home/luis/auth-system/src/docs/swagger.js": {"path":"/home/luis/auth-system/src/docs/swagger.js","statementMap":{"0":{"start":{"line":1,"column":21},"end":{"line":1,"column":45}},"1":{"start":{"line":4,"column":2},"end":{"line":6,"column":29}},"2":{"start":{"line":8,"column":16},"end":{"line":32,"column":1}},"3":{"start":{"line":34,"column":20},"end":{"line":34,"column":41}},"4":{"start":{"line":36,"column":0},"end":{"line":36,"column":33}}},"fnMap":{},"branchMap":{"0":{"loc":{"start":{"line":4,"column":2},"end":{"line":6,"column":29}},"type":"cond-expr","locations":[{"start":{"line":5,"column":6},"end":{"line":5,"column":45}},{"start":{"line":6,"column":6},"end":{"line":6,"column":29}}],"line":4}},"s":{"0":1,"1":1,"2":1,"3":1,"4":1},"f":{},"b":{"0":[0,1]},"_coverageSchema":"1a1c01bbd47fc00a2c39e90264f33305004495a9","hash":"e43f7e8a30c02417a5fedbaac6cf40d56a275667"}
,"/home/luis/auth-system/src/middlewares/authMiddleware.js": {"path":"/home/luis/auth-system/src/middlewares/authMiddleware.js","statementMap":{"0":{"start":{"line":1,"column":12},"end":{"line":1,"column":35}},"1":{"start":{"line":3,"column":21},"end":{"line":21,"column":1}},"2":{"start":{"line":4,"column":23},"end":{"line":4,"column":48}},"3":{"start":{"line":6,"column":4},"end":{"line":8,"column":5}},"4":{"start":{"line":7,"column":8},"end":{"line":7,"column":74}},"5":{"start":{"line":10,"column":18},"end":{"line":10,"column":42}},"6":{"start":{"line":12,"column":4},"end":{"line":20,"column":5}},"7":{"start":{"line":13,"column":24},"end":{"line":13,"column":72}},"8":{"start":{"line":15,"column":8},"end":{"line":15,"column":27}},"9":{"start":{"line":16,"column":8},"end":{"line":16,"column":15}},"10":{"start":{"line":19,"column":8},"end":{"line":19,"column":77}},"11":{"start":{"line":23,"column":0},"end":{"line":23,"column":30}}},"fnMap":{"0":{"name":"(anonymous_0)","decl":{"start":{"line":3,"column":21},"end":{"line":3,"column":22}},"loc":{"start":{"line":3,"column":41},"end":{"line":21,"column":1}},"line":3}},"branchMap":{"0":{"loc":{"start":{"line":6,"column":4},"end":{"line":8,"column":5}},"type":"if","locations":[{"start":{"line":6,"column":4},"end":{"line":8,"column":5}},{"start":{},"end":{}}],"line":6},"1":{"loc":{"start":{"line":6,"column":8},"end":{"line":6,"column":56}},"type":"binary-expr","locations":[{"start":{"line":6,"column":8},"end":{"line":6,"column":19}},{"start":{"line":6,"column":23},"end":{"line":6,"column":56}}],"line":6}},"s":{"0":1,"1":1,"2":0,"3":0,"4":0,"5":0,"6":0,"7":0,"8":0,"9":0,"10":0,"11":1},"f":{"0":0},"b":{"0":[0,0],"1":[0,0]},"_coverageSchema":"1a1c01bbd47fc00a2c39e90264f33305004495a9","hash":"97d8823e6a582afd815373e91d26f69385afdcff"}
,"/home/luis/auth-system/src/middlewares/errorMiddleware.js": {"path":"/home/luis/auth-system/src/middlewares/errorMiddleware.js","statementMap":{"0":{"start":{"line":1,"column":21},"end":{"line":7,"column":1}},"1":{"start":{"line":2,"column":4},"end":{"line":2,"column":29}},"2":{"start":{"line":4,"column":4},"end":{"line":6,"column":7}},"3":{"start":{"line":9,"column":0},"end":{"line":9,"column":30}}},"fnMap":{"0":{"name":"(anonymous_0)","decl":{"start":{"line":1,"column":21},"end":{"line":1,"column":22}},"loc":{"start":{"line":1,"column":46},"end":{"line":7,"column":1}},"line":1}},"branchMap":{"0":{"loc":{"start":{"line":4,"column":15},"end":{"line":4,"column":36}},"type":"binary-expr","locations":[{"start":{"line":4,"column":15},"end":{"line":4,"column":29}},{"start":{"line":4,"column":33},"end":{"line":4,"column":36}}],"line":4},"1":{"loc":{"start":{"line":5,"column":17},"end":{"line":5,"column":55}},"type":"binary-expr","locations":[{"start":{"line":5,"column":17},"end":{"line":5,"column":28}},{"start":{"line":5,"column":32},"end":{"line":5,"column":55}}],"line":5}},"s":{"0":1,"1":0,"2":0,"3":1},"f":{"0":0},"b":{"0":[0,0],"1":[0,0]},"_coverageSchema":"1a1c01bbd47fc00a2c39e90264f33305004495a9","hash":"f8b384e3f106a6f2f61fd69fd37807b7939c8141"}
,"/home/luis/auth-system/src/middlewares/roleMiddleware.js": {"path":"/home/luis/auth-system/src/middlewares/roleMiddleware.js","statementMap":{"0":{"start":{"line":1,"column":18},"end":{"line":8,"column":1}},"1":{"start":{"line":2,"column":4},"end":{"line":7,"column":6}},"2":{"start":{"line":3,"column":8},"end":{"line":5,"column":9}},"3":{"start":{"line":4,"column":12},"end":{"line":4,"column":85}},"4":{"start":{"line":6,"column":8},"end":{"line":6,"column":15}},"5":{"start":{"line":10,"column":0},"end":{"line":10,"column":27}}},"fnMap":{"0":{"name":"(anonymous_0)","decl":{"start":{"line":1,"column":18},"end":{"line":1,"column":19}},"loc":{"start":{"line":1,"column":39},"end":{"line":8,"column":1}},"line":1},"1":{"name":"(anonymous_1)","decl":{"start":{"line":2,"column":11},"end":{"line":2,"column":12}},"loc":{"start":{"line":2,"column":31},"end":{"line":7,"column":5}},"line":2}},"branchMap":{"0":{"loc":{"start":{"line":3,"column":8},"end":{"line":5,"column":9}},"type":"if","locations":[{"start":{"line":3,"column":8},"end":{"line":5,"column":9}},{"start":{},"end":{}}],"line":3}},"s":{"0":1,"1":1,"2":0,"3":0,"4":0,"5":1},"f":{"0":1,"1":0},"b":{"0":[0,0]},"_coverageSchema":"1a1c01bbd47fc00a2c39e90264f33305004495a9","hash":"d0612096389a65a27cc548cdbda2aeca5bae7ba8"}
,"/home/luis/auth-system/src/routes/authRoutes.js": {"path":"/home/luis/auth-system/src/routes/authRoutes.js","statementMap":{"0":{"start":{"line":1,"column":16},"end":{"line":1,"column":34}},"1":{"start":{"line":2,"column":15},"end":{"line":2,"column":31}},"2":{"start":{"line":11,"column":4},"end":{"line":11,"column":44}},"3":{"start":{"line":39,"column":0},"end":{"line":39,"column":35}},"4":{"start":{"line":67,"column":0},"end":{"line":67,"column":29}},"5":{"start":{"line":91,"column":0},"end":{"line":91,"column":33}},"6":{"start":{"line":114,"column":0},"end":{"line":114,"column":31}},"7":{"start":{"line":138,"column":0},"end":{"line":138,"column":48}},"8":{"start":{"line":165,"column":0},"end":{"line":165,"column":46}},"9":{"start":{"line":167,"column":0},"end":{"line":167,"column":24}}},"fnMap":{},"branchMap":{},"s":{"0":1,"1":1,"2":1,"3":1,"4":1,"5":1,"6":1,"7":1,"8":1,"9":1},"f":{},"b":{},"_coverageSchema":"1a1c01bbd47fc00a2c39e90264f33305004495a9","hash":"0d79506513010d39905b2ae301b8d0c0c4e85b10"}
,"/home/luis/auth-system/src/routes/userRoutes.js": {"path":"/home/luis/auth-system/src/routes/userRoutes.js","statementMap":{"0":{"start":{"line":1,"column":16},"end":{"line":1,"column":34}},"1":{"start":{"line":2,"column":15},"end":{"line":2,"column":31}},"2":{"start":{"line":3,"column":21},"end":{"line":3,"column":61}},"3":{"start":{"line":4,"column":18},"end":{"line":4,"column":58}},"4":{"start":{"line":32,"column":0},"end":{"line":37,"column":3}},"5":{"start":{"line":33,"column":4},"end":{"line":36,"column":7}},"6":{"start":{"line":51,"column":0},"end":{"line":55,"column":3}},"7":{"start":{"line":52,"column":4},"end":{"line":54,"column":7}},"8":{"start":{"line":57,"column":0},"end":{"line":57,"column":24}}},"fnMap":{"0":{"name":"(anonymous_0)","decl":{"start":{"line":32,"column":37},"end":{"line":32,"column":38}},"loc":{"start":{"line":32,"column":51},"end":{"line":37,"column":1}},"line":32},"1":{"name":"(anonymous_1)","decl":{"start":{"line":51,"column":55},"end":{"line":51,"column":56}},"loc":{"start":{"line":51,"column":69},"end":{"line":55,"column":1}},"line":51}},"branchMap":{},"s":{"0":1,"1":1,"2":1,"3":1,"4":1,"5":0,"6":1,"7":0,"8":1},"f":{"0":0,"1":0},"b":{},"_coverageSchema":"1a1c01bbd47fc00a2c39e90264f33305004495a9","hash":"edc4ccfe618799705b963b406b81eef922b3a403"}
,"/home/luis/auth-system/src/services/authService.js": {"path":"/home/luis/auth-system/src/services/authService.js","statementMap":{"0":{"start":{"line":1,"column":15},"end":{"line":1,"column":32}},"1":{"start":{"line":2,"column":15},"end":{"line":2,"column":41}},"2":{"start":{"line":3,"column":12},"end":{"line":3,"column":35}},"3":{"start":{"line":4,"column":15},"end":{"line":4,"column":32}},"4":{"start":{"line":5,"column":27},"end":{"line":5,"column":52}},"5":{"start":{"line":6,"column":54},"end":{"line":6,"column":77}},"6":{"start":{"line":8,"column":21},"end":{"line":23,"column":1}},"7":{"start":{"line":9,"column":25},"end":{"line":9,"column":75}},"8":{"start":{"line":11,"column":4},"end":{"line":13,"column":5}},"9":{"start":{"line":12,"column":8},"end":{"line":12,"column":66}},"10":{"start":{"line":15,"column":27},"end":{"line":15,"column":58}},"11":{"start":{"line":17,"column":4},"end":{"line":22,"column":7}},"12":{"start":{"line":25,"column":18},"end":{"line":47,"column":1}},"13":{"start":{"line":26,"column":17},"end":{"line":26,"column":67}},"14":{"start":{"line":28,"column":4},"end":{"line":30,"column":5}},"15":{"start":{"line":29,"column":8},"end":{"line":29,"column":66}},"16":{"start":{"line":32,"column":26},"end":{"line":32,"column":71}},"17":{"start":{"line":34,"column":4},"end":{"line":36,"column":5}},"18":{"start":{"line":35,"column":8},"end":{"line":35,"column":66}},"19":{"start":{"line":38,"column":24},"end":{"line":38,"column":49}},"20":{"start":{"line":39,"column":25},"end":{"line":39,"column":51}},"21":{"start":{"line":41,"column":4},"end":{"line":44,"column":7}},"22":{"start":{"line":46,"column":4},"end":{"line":46,"column":41}},"23":{"start":{"line":49,"column":0},"end":{"line":52,"column":2}}},"fnMap":{"0":{"name":"(anonymous_0)","decl":{"start":{"line":8,"column":21},"end":{"line":8,"column":22}},"loc":{"start":{"line":8,"column":48},"end":{"line":23,"column":1}},"line":8},"1":{"name":"(anonymous_1)","decl":{"start":{"line":25,"column":18},"end":{"line":25,"column":19}},"loc":{"start":{"line":25,"column":45},"end":{"line":47,"column":1}},"line":25}},"branchMap":{"0":{"loc":{"start":{"line":11,"column":4},"end":{"line":13,"column":5}},"type":"if","locations":[{"start":{"line":11,"column":4},"end":{"line":13,"column":5}},{"start":{},"end":{}}],"line":11},"1":{"loc":{"start":{"line":28,"column":4},"end":{"line":30,"column":5}},"type":"if","locations":[{"start":{"line":28,"column":4},"end":{"line":30,"column":5}},{"start":{},"end":{}}],"line":28},"2":{"loc":{"start":{"line":34,"column":4},"end":{"line":36,"column":5}},"type":"if","locations":[{"start":{"line":34,"column":4},"end":{"line":36,"column":5}},{"start":{},"end":{}}],"line":34}},"s":{"0":1,"1":1,"2":1,"3":1,"4":1,"5":1,"6":1,"7":0,"8":0,"9":0,"10":0,"11":0,"12":1,"13":0,"14":0,"15":0,"16":0,"17":0,"18":0,"19":0,"20":0,"21":0,"22":0,"23":1},"f":{"0":0,"1":0},"b":{"0":[0,0],"1":[0,0],"2":[0,0]},"_coverageSchema":"1a1c01bbd47fc00a2c39e90264f33305004495a9","hash":"07b7d82437c55fcd04ae4527421287a9af62a85a"}
,"/home/luis/auth-system/src/services/email.service.js": {"path":"/home/luis/auth-system/src/services/email.service.js","statementMap":{"0":{"start":{"line":1,"column":19},"end":{"line":1,"column":40}},"1":{"start":{"line":3,"column":20},"end":{"line":9,"column":2}},"2":{"start":{"line":11,"column":18},"end":{"line":18,"column":1}},"3":{"start":{"line":12,"column":2},"end":{"line":17,"column":5}},"4":{"start":{"line":20,"column":0},"end":{"line":20,"column":31}}},"fnMap":{"0":{"name":"(anonymous_0)","decl":{"start":{"line":11,"column":18},"end":{"line":11,"column":19}},"loc":{"start":{"line":11,"column":47},"end":{"line":18,"column":1}},"line":11}},"branchMap":{},"s":{"0":1,"1":1,"2":1,"3":0,"4":1},"f":{"0":0},"b":{},"_coverageSchema":"1a1c01bbd47fc00a2c39e90264f33305004495a9","hash":"11061f1834e5504efbfec4c64c96b5b4780d1cff"}
,"/home/luis/auth-system/src/utils/jwt.js": {"path":"/home/luis/auth-system/src/utils/jwt.js","statementMap":{"0":{"start":{"line":1,"column":12},"end":{"line":1,"column":35}},"1":{"start":{"line":3,"column":28},"end":{"line":9,"column":1}},"2":{"start":{"line":4,"column":4},"end":{"line":8,"column":6}},"3":{"start":{"line":11,"column":29},"end":{"line":17,"column":1}},"4":{"start":{"line":12,"column":4},"end":{"line":16,"column":6}},"5":{"start":{"line":19,"column":0},"end":{"line":22,"column":2}}},"fnMap":{"0":{"name":"(anonymous_0)","decl":{"start":{"line":3,"column":28},"end":{"line":3,"column":29}},"loc":{"start":{"line":3,"column":38},"end":{"line":9,"column":1}},"line":3},"1":{"name":"(anonymous_1)","decl":{"start":{"line":11,"column":29},"end":{"line":11,"column":30}},"loc":{"start":{"line":11,"column":39},"end":{"line":17,"column":1}},"line":11}},"branchMap":{},"s":{"0":1,"1":1,"2":0,"3":1,"4":0,"5":1},"f":{"0":0,"1":0},"b":{},"_coverageSchema":"1a1c01bbd47fc00a2c39e90264f33305004495a9","hash":"7048febdd3a1a7f89c720e91bacd139bd6140ae0"}
,"/home/luis/auth-system/src/utils/prisma.js": {"path":"/home/luis/auth-system/src/utils/prisma.js","statementMap":{"0":{"start":{"line":1,"column":0},"end":{"line":1,"column":27}},"1":{"start":{"line":3,"column":25},"end":{"line":3,"column":50}},"2":{"start":{"line":4,"column":21},"end":{"line":4,"column":50}},"3":{"start":{"line":5,"column":17},"end":{"line":5,"column":30}},"4":{"start":{"line":7,"column":13},"end":{"line":9,"column":2}},"5":{"start":{"line":11,"column":16},"end":{"line":11,"column":34}},"6":{"start":{"line":13,"column":15},"end":{"line":15,"column":2}},"7":{"start":{"line":17,"column":0},"end":{"line":17,"column":24}}},"fnMap":{},"branchMap":{},"s":{"0":1,"1":1,"2":1,"3":1,"4":1,"5":1,"6":1,"7":1},"f":{},"b":{},"_coverageSchema":"1a1c01bbd47fc00a2c39e90264f33305004495a9","hash":"6a215556e6172109e008a91a63fd008bb7bce975"}
,"/home/luis/auth-system/src/utils/token.js": {"path":"/home/luis/auth-system/src/utils/token.js","statementMap":{"0":{"start":{"line":1,"column":15},"end":{"line":1,"column":32}},"1":{"start":{"line":3,"column":27},"end":{"line":5,"column":1}},"2":{"start":{"line":4,"column":4},"end":{"line":4,"column":50}},"3":{"start":{"line":7,"column":0},"end":{"line":7,"column":36}}},"fnMap":{"0":{"name":"(anonymous_0)","decl":{"start":{"line":3,"column":27},"end":{"line":3,"column":28}},"loc":{"start":{"line":3,"column":33},"end":{"line":5,"column":1}},"line":3}},"branchMap":{},"s":{"0":1,"1":1,"2":0,"3":1},"f":{"0":0},"b":{},"_coverageSchema":"1a1c01bbd47fc00a2c39e90264f33305004495a9","hash":"e1214aa28c1691d8510900ad4aa8ea62acc1774c"}
,"/home/luis/auth-system/src/validators/authValidator.js": {"path":"/home/luis/auth-system/src/validators/authValidator.js","statementMap":{"0":{"start":{"line":1,"column":14},"end":{"line":1,"column":28}},"1":{"start":{"line":3,"column":23},"end":{"line":6,"column":2}},"2":{"start":{"line":8,"column":20},"end":{"line":11,"column":2}},"3":{"start":{"line":13,"column":0},"end":{"line":16,"column":2}}},"fnMap":{},"branchMap":{},"s":{"0":1,"1":1,"2":1,"3":1},"f":{},"b":{},"_coverageSchema":"1a1c01bbd47fc00a2c39e90264f33305004495a9","hash":"7290fa04754740b12d8cb852ba14a198575d2626"}
}
